<?xml version="1.0" encoding="UTF-8"?>
<!-- Generated by org.testng.reporters.JUnitReportReporter -->
<testsuite hostname="LAPTOP-PL09ISKD" failures="0" tests="1" name="practice2.testNG" time="0.017" errors="0" timestamp="2024-05-01T16:53:50 IST" skipped="0">
  <testcase classname="practice2.testNG" name="testMethod" time="0.017"/>
  <system-out/>
</testsuite> <!-- practice2.testNG -->
