<?xml version="1.0" encoding="UTF-8"?>
<!-- Generated by org.testng.reporters.JUnitReportReporter -->
<testsuite hostname="LAPTOP-PL09ISKD" failures="0" tests="3" name="practice2.testNgPara" time="0.021" errors="0" timestamp="2024-05-01T18:09:54 IST" skipped="0">
  <testcase classname="practice2.testNgPara" name="testSmoke2" time="0.005"/>
  <system-out/>
  <testcase classname="practice2.testNgPara" name="testSmoke1" time="0.005"/>
  <system-out/>
  <testcase classname="practice2.testNgPara" name="testRegression1" time="0.011"/>
  <system-out/>
</testsuite> <!-- practice2.testNgPara -->
