<?xml version="1.0" encoding="UTF-8"?>
<!-- Generated by org.testng.reporters.JUnitReportReporter -->
<testsuite hostname="LAPTOP-PL09ISKD" failures="0" tests="5" name="practice2.testResult" time="0.019" errors="0" timestamp="2024-05-01T18:09:54 IST" skipped="0">
  <testcase classname="practice2.testResult" name="testSmoke3" time="0.002"/>
  <system-out/>
  <testcase classname="practice2.testResult" name="testRegression2" time="0.005"/>
  <system-out/>
  <testcase classname="practice2.testResult" name="testRegression2" time="0.002"/>
  <system-out/>
  <testcase classname="practice2.testResult" name="testFunction1" time="0.008"/>
  <system-out/>
  <testcase classname="practice2.testResult" name="testRegression2" time="0.002"/>
  <system-out/>
</testsuite> <!-- practice2.testResult -->
